-------------------------------------------------------------------------------
Test set: com.wolken.wolkenapp.ShopperSpringbootApplicationTests
-------------------------------------------------------------------------------
Tests run: 1, Failures: 0, Errors: 1, Skipped: 0, Time elapsed: 5.072 s <<< FAILURE! - in com.wolken.wolkenapp.ShopperSpringbootApplicationTests
contextLoads  Time elapsed: 0.001 s  <<< ERROR!
java.lang.IllegalStateException: Failed to load ApplicationContext
Caused by: org.springframework.beans.factory.UnsatisfiedDependencyException: Error creating bean with name 'shopperResources': Unsatisfied dependency expressed through field 'shopperRepo'; nested exception is org.springframework.beans.factory.BeanCreationException: Error creating bean with name 'shopperRepo' defined in com.wolken.wolkenapp.repository.ShopperRepo defined in @EnableJpaRepositories declared on JpaRepositoriesRegistrar.EnableJpaRepositoriesConfiguration: Invocation of init method failed; nested exception is java.lang.IllegalArgumentException: Failed to create query for method public abstract com.wolken.wolkenapp.entity.ShopperEntity com.wolken.wolkenapp.repository.ShopperRepo.getByName(java.lang.String)! No property name found for type ShopperEntity!
Caused by: org.springframework.beans.factory.BeanCreationException: Error creating bean with name 'shopperRepo' defined in com.wolken.wolkenapp.repository.ShopperRepo defined in @EnableJpaRepositories declared on JpaRepositoriesRegistrar.EnableJpaRepositoriesConfiguration: Invocation of init method failed; nested exception is java.lang.IllegalArgumentException: Failed to create query for method public abstract com.wolken.wolkenapp.entity.ShopperEntity com.wolken.wolkenapp.repository.ShopperRepo.getByName(java.lang.String)! No property name found for type ShopperEntity!
Caused by: java.lang.IllegalArgumentException: Failed to create query for method public abstract com.wolken.wolkenapp.entity.ShopperEntity com.wolken.wolkenapp.repository.ShopperRepo.getByName(java.lang.String)! No property name found for type ShopperEntity!
Caused by: org.springframework.data.mapping.PropertyReferenceException: No property name found for type ShopperEntity!

